#
# There is insufficient memory for the Java Runtime Environment to continue.
# Native memory allocation (mmap) failed to map 262144000 bytes for G1 virtual space
# Possible reasons:
#   The system is out of physical RAM or swap space
#   The process is running with CompressedOops enabled, and the Java Heap may be blocking the growth of the native heap
# Possible solutions:
#   Reduce memory load on the system
#   Increase physical memory or swap space
#   Check if swap backing store is full
#   Decrease Java heap size (-Xmx/-Xms)
#   Decrease number of Java threads
#   Decrease Java thread stack sizes (-Xss)
#   Set larger code cache with -XX:ReservedCodeCacheSize=
#   JVM is running with Zero Based Compressed Oops mode in which the Java heap is
#     placed in the first 32GB address space. The Java Heap base address is the
#     maximum limit for the native heap growth. Please use -XX:HeapBaseMinAddress
#     to set the Java Heap base and to place the Java Heap above 32GB virtual address.
# This output file may be truncated or incomplete.
#
#  Out of Memory Error (os_windows.cpp:3469), pid=11552, tid=14892
#
# JRE version:  (17.0.1+12) (build )
# Java VM: Java HotSpot(TM) 64-Bit Server VM (17.0.1+12-LTS-39, mixed mode, emulated-client, sharing, tiered, compressed oops, compressed class ptrs, g1 gc, windows-amd64)
# No core dump will be written. Minidumps are not enabled by default on client versions of Windows
#

---------------  S U M M A R Y ------------

Command Line: -Dcom.sun.management.jmxremote -Dcom.sun.management.jmxremote.port=10170 -Dcom.sun.management.jmxremote.authenticate=false -Dcom.sun.management.jmxremote.ssl=false -Djava.rmi.server.hostname=localhost -Dspring.jmx.enabled=true -Dmanagement.endpoints.jmx.exposure.include=* -Dspring.application.admin.enabled=true -XX:TieredStopAtLevel=1 -Dspring.boot.project.name=app -Dfile.encoding=UTF-8 -Dstdout.encoding=UTF-8 -Dstderr.encoding=UTF-8 -XX:+ShowCodeDetailsInExceptionMessages com.api.app.AppApplication --spring.output.ansi.enabled=always

Host: Intel(R) Core(TM) i7-7700HQ CPU @ 2.80GHz, 8 cores, 15G,  Windows 10 , 64 bit Build 17763 (10.0.17763.475)
Time: Thu Jan 11 21:10:17 2024 Afr. centrale Ouest elapsed time: 0.033691 seconds (0d 0h 0m 0s)

---------------  T H R E A D  ---------------

Current thread (0x000002c0cf9d0740):  JavaThread "Unknown thread" [_thread_in_vm, id=14892, stack(0x000000ca45500000,0x000000ca45600000)]

Stack: [0x000000ca45500000,0x000000ca45600000]
Native frames: (J=compiled Java code, j=interpreted, Vv=VM code, C=native code)
V  [jvm.dll+0x66fa1a]
V  [jvm.dll+0x7ce5a4]
V  [jvm.dll+0x7cfd4e]
V  [jvm.dll+0x7d03b3]
V  [jvm.dll+0x242b05]
V  [jvm.dll+0x66ca39]
V  [jvm.dll+0x661502]
V  [jvm.dll+0x30081b]
V  [jvm.dll+0x307da6]
V  [jvm.dll+0x357a1e]
V  [jvm.dll+0x357c4f]
V  [jvm.dll+0x2d7ad8]
V  [jvm.dll+0x2d8a44]
V  [jvm.dll+0x7a01e1]
V  [jvm.dll+0x365791]
V  [jvm.dll+0x77f6cc]
V  [jvm.dll+0x3e812f]
V  [jvm.dll+0x3e9bd1]
C  [jli.dll+0x527b]
C  [ucrtbase.dll+0x21ffa]
C  [KERNEL32.DLL+0x17974]
C  [ntdll.dll+0x6a271]


---------------  P R O C E S S  ---------------

Threads class SMR info:
_java_thread_list=0x00007fff99ad7818, length=0, elements={
}

Java Threads: ( => current thread )

Other Threads:
  0x000002c0cfa1fca0 GCTaskThread "GC Thread#0" [stack: 0x000000ca45600000,0x000000ca45700000] [id=3924]
  0x000002c0cfa31fc0 ConcurrentGCThread "G1 Main Marker" [stack: 0x000000ca45700000,0x000000ca45800000] [id=16256]
  0x000002c0cfa327e0 ConcurrentGCThread "G1 Conc#0" [stack: 0x000000ca45800000,0x000000ca45900000] [id=14392]

[error occurred during error reporting (printing all threads), id 0xc0000005, EXCEPTION_ACCESS_VIOLATION (0xc0000005) at pc=0x00007fff993284b7]

VM state: not at safepoint (not fully initialized)

VM Mutex/Monitor currently owned by a thread:  ([mutex/lock_event])
[0x000002c0cf9cd150] Heap_lock - owner thread: 0x000002c0cf9d0740

Heap address: 0x0000000706000000, size: 4000 MB, Compressed Oops mode: Zero based, Oop shift amount: 3

CDS archive(s) mapped at: [0x0000000000000000-0x0000000000000000-0x0000000000000000), size 0, SharedBaseAddress: 0x0000000800000000, ArchiveRelocationMode: 0.
Narrow klass base: 0x0000000000000000, Narrow klass shift: 0, Narrow klass range: 0x0

GC Precious Log:
<Empty>

Heap:
 garbage-first heap   total 0K, used 0K [0x0000000706000000, 0x0000000800000000)
  region size 2048K, 0 young (0K), 0 survivors (0K)

[error occurred during error reporting (printing heap information), id 0xc0000005, EXCEPTION_ACCESS_VIOLATION (0xc0000005) at pc=0x00007fff99708d89]

GC Heap History (0 events):
No events

Deoptimization events (0 events):
No events

Classes unloaded (0 events):
No events

Classes redefined (0 events):
No events

Internal exceptions (0 events):
No events

VM Operations (0 events):
No events

Events (1 events):
Event: 0.007 Loaded shared library C:\Program Files\Java\jdk-17.0.1\bin\java.dll


Dynamic libraries:
0x00007ff7f6970000 - 0x00007ff7f6980000 	C:\Program Files\Java\jdk-17.0.1\bin\javaw.exe
0x00007fffead80000 - 0x00007fffeaf6d000 	C:\Windows\SYSTEM32\ntdll.dll
0x00007fffea7a0000 - 0x00007fffea853000 	C:\Windows\System32\KERNEL32.DLL
0x00007fffe7b40000 - 0x00007fffe7dd3000 	C:\Windows\System32\KERNELBASE.dll
0x00007fffe7840000 - 0x00007fffe793a000 	C:\Windows\System32\ucrtbase.dll
0x00007fffe3f10000 - 0x00007fffe3f28000 	C:\Program Files\Java\jdk-17.0.1\bin\jli.dll
0x00007fffe3ef0000 - 0x00007fffe3f0a000 	C:\Program Files\Java\jdk-17.0.1\bin\VCRUNTIME140.dll
0x00007fffe8000000 - 0x00007fffe80a3000 	C:\Windows\System32\ADVAPI32.dll
0x00007fffeabf0000 - 0x00007fffeac8e000 	C:\Windows\System32\msvcrt.dll
0x00007fffe8110000 - 0x00007fffe81ae000 	C:\Windows\System32\sechost.dll
0x00007fffea490000 - 0x00007fffea5b2000 	C:\Windows\System32\RPCRT4.dll
0x00007fffeaa50000 - 0x00007fffeabe7000 	C:\Windows\System32\USER32.dll
0x00007fffe7b20000 - 0x00007fffe7b40000 	C:\Windows\System32\win32u.dll
0x00007fffcd2c0000 - 0x00007fffcd539000 	C:\Windows\WinSxS\amd64_microsoft.windows.common-controls_6595b64144ccf1df_6.0.17763.771_none_05b041300723be85\COMCTL32.dll
0x00007fffea460000 - 0x00007fffea489000 	C:\Windows\System32\GDI32.dll
0x00007fffe9f80000 - 0x00007fffea2ac000 	C:\Windows\System32\combase.dll
0x00007fffe7e60000 - 0x00007fffe7ff9000 	C:\Windows\System32\gdi32full.dll
0x00007fffe6ea0000 - 0x00007fffe6f40000 	C:\Windows\System32\msvcp_win.dll
0x00007fffe76f0000 - 0x00007fffe776e000 	C:\Windows\System32\bcryptPrimitives.dll
0x00007fffdc210000 - 0x00007fffdc21a000 	C:\Windows\SYSTEM32\VERSION.dll
0x00007fffeac90000 - 0x00007fffeacbe000 	C:\Windows\System32\IMM32.DLL
0x00007fffe3f50000 - 0x00007fffe3f5c000 	C:\Program Files\Java\jdk-17.0.1\bin\vcruntime140_1.dll
0x00007fffe3e60000 - 0x00007fffe3eed000 	C:\Program Files\Java\jdk-17.0.1\bin\msvcp140.dll
0x00007fff99040000 - 0x00007fff99bfe000 	C:\Program Files\Java\jdk-17.0.1\bin\server\jvm.dll
0x00007fffead40000 - 0x00007fffead48000 	C:\Windows\System32\PSAPI.DLL
0x00007fffe2260000 - 0x00007fffe2284000 	C:\Windows\SYSTEM32\WINMM.dll
0x00007fffcce90000 - 0x00007fffcce99000 	C:\Windows\SYSTEM32\WSOCK32.dll
0x00007fffe98c0000 - 0x00007fffe992d000 	C:\Windows\System32\WS2_32.dll
0x00007fffe2230000 - 0x00007fffe225d000 	C:\Windows\SYSTEM32\WINMMBASE.dll
0x00007fffe7de0000 - 0x00007fffe7e2a000 	C:\Windows\System32\cfgmgr32.dll
0x00007fffe6e30000 - 0x00007fffe6e41000 	C:\Windows\System32\kernel.appcore.dll
0x00007fffe3e50000 - 0x00007fffe3e5a000 	C:\Program Files\Java\jdk-17.0.1\bin\jimage.dll
0x00007fffe5770000 - 0x00007fffe595d000 	C:\Windows\SYSTEM32\DBGHELP.DLL
0x00007fffc7fb0000 - 0x00007fffc7fda000 	C:\Windows\SYSTEM32\dbgcore.DLL
0x00007fffe2060000 - 0x00007fffe2085000 	C:\Program Files\Java\jdk-17.0.1\bin\java.dll

dbghelp: loaded successfully - version: 4.0.5 - missing functions: none
symbol engine: initialized successfully - sym options: 0x614 - pdb path: .;C:\Program Files\Java\jdk-17.0.1\bin;C:\Windows\SYSTEM32;C:\Windows\WinSxS\amd64_microsoft.windows.common-controls_6595b64144ccf1df_6.0.17763.771_none_05b041300723be85;C:\Program Files\Java\jdk-17.0.1\bin\server

VM Arguments:
jvm_args: -Dcom.sun.management.jmxremote -Dcom.sun.management.jmxremote.port=10170 -Dcom.sun.management.jmxremote.authenticate=false -Dcom.sun.management.jmxremote.ssl=false -Djava.rmi.server.hostname=localhost -Dspring.jmx.enabled=true -Dmanagement.endpoints.jmx.exposure.include=* -Dspring.application.admin.enabled=true -XX:TieredStopAtLevel=1 -Dspring.boot.project.name=app -Dfile.encoding=UTF-8 -Dstdout.encoding=UTF-8 -Dstderr.encoding=UTF-8 -XX:+ShowCodeDetailsInExceptionMessages 
java_command: com.api.app.AppApplication --spring.output.ansi.enabled=always
java_class_path (initial): F:\Downloads\app (2)\app\target\classes;C:\Users\DJO\.m2\repository\org\springframework\boot\spring-boot-starter-data-jpa\3.2.1\spring-boot-starter-data-jpa-3.2.1.jar;C:\Users\DJO\.m2\repository\org\springframework\boot\spring-boot-starter-aop\3.2.1\spring-boot-starter-aop-3.2.1.jar;C:\Users\DJO\.m2\repository\org\springframework\spring-aop\6.1.2\spring-aop-6.1.2.jar;C:\Users\DJO\.m2\repository\org\aspectj\aspectjweaver\1.9.21\aspectjweaver-1.9.21.jar;C:\Users\DJO\.m2\repository\org\springframework\boot\spring-boot-starter-jdbc\3.2.1\spring-boot-starter-jdbc-3.2.1.jar;C:\Users\DJO\.m2\repository\com\zaxxer\HikariCP\5.0.1\HikariCP-5.0.1.jar;C:\Users\DJO\.m2\repository\org\springframework\spring-jdbc\6.1.2\spring-jdbc-6.1.2.jar;C:\Users\DJO\.m2\repository\org\hibernate\orm\hibernate-core\6.4.1.Final\hibernate-core-6.4.1.Final.jar;C:\Users\DJO\.m2\repository\jakarta\persistence\jakarta.persistence-api\3.1.0\jakarta.persistence-api-3.1.0.jar;C:\Users\DJO\.m2\repository\jakarta\transaction\jakarta.transaction-api\2.0.1\jakarta.transaction-api-2.0.1.jar;C:\Users\DJO\.m2\repository\org\jboss\logging\jboss-logging\3.5.3.Final\jboss-logging-3.5.3.Final.jar;C:\Users\DJO\.m2\repository\org\hibernate\common\hibernate-commons-annotations\6.0.6.Final\hibernate-commons-annotations-6.0.6.Final.jar;C:\Users\DJO\.m2\repository\io\smallrye\jandex\3.1.2\jandex-3.1.2.jar;C:\Users\DJO\.m2\repository\com\fasterxml\classmate\1.6.0\classmate-1.6.0.jar;C:\Users\DJO\.m2\repository\net\bytebuddy\byte-buddy\1.14.10\byte-buddy-1.14.10.jar;C:\Users\DJO\.m2\repository\org\glassfish\jaxb\jaxb-runtime\4.0.4\jaxb-runtime-4.0.4.jar;C:\Users\DJO\.m2\repository\org\glassfish\jaxb\jaxb-core\4.0.4\jaxb-core-4.0.4.jar;C:\Users\DJO\.m2\repository\org\eclipse\angus\angus-activation\2.0.1\angus-activation-2.0.1.jar;C:\Users\DJO\.m2\repository\org\glassfish\jaxb\txw2\4.0.4\txw2-4.0.4.jar;C:\Users\DJO\.m2\repository\com\sun\istack\istack-commons-runtime\4.1.2\istack-commons-runtime-
Launcher Type: SUN_STANDARD

[Global flags]
     intx CICompilerCount                          = 4                                         {product} {ergonomic}
     uint ConcGCThreads                            = 2                                         {product} {ergonomic}
     uint G1ConcRefinementThreads                  = 8                                         {product} {ergonomic}
   size_t G1HeapRegionSize                         = 2097152                                   {product} {ergonomic}
    uintx GCDrainStackTargetSize                   = 64                                        {product} {ergonomic}
   size_t InitialHeapSize                          = 262144000                                 {product} {ergonomic}
     bool ManagementServer                         = true                                      {product} {command line}
   size_t MarkStackSize                            = 4194304                                   {product} {ergonomic}
   size_t MaxHeapSize                              = 4194304000                                {product} {ergonomic}
   size_t MinHeapDeltaBytes                        = 2097152                                   {product} {ergonomic}
   size_t MinHeapSize                              = 8388608                                   {product} {ergonomic}
    uintx NonProfiledCodeHeapSize                  = 0                                      {pd product} {ergonomic}
     bool ProfileInterpreter                       = false                                  {pd product} {command line}
    uintx ProfiledCodeHeapSize                     = 0                                      {pd product} {ergonomic}
     bool ShowCodeDetailsInExceptionMessages       = true                                   {manageable} {command line}
   size_t SoftMaxHeapSize                          = 4194304000                             {manageable} {ergonomic}
     intx TieredStopAtLevel                        = 1                                         {product} {command line}
     bool UseCompressedClassPointers               = true                           {product lp64_product} {ergonomic}
     bool UseCompressedOops                        = true                           {product lp64_product} {ergonomic}
     bool UseG1GC                                  = true                                      {product} {ergonomic}
     bool UseLargePagesIndividualAllocation        = false                                  {pd product} {ergonomic}

Logging:
Log output configuration:
 #0: stdout all=warning uptime,level,tags
 #1: stderr all=off uptime,level,tags

Environment Variables:
JAVA_HOME=C:\Progra~1\Java\jdk1.8.0_101
PATH=C:/Users/DJO/.p2/pool/plugins/org.eclipse.justj.openjdk.hotspot.jre.full.win32.x86_64_17.0.9.v20231028-0858/jre/bin/server;C:/Users/DJO/.p2/pool/plugins/org.eclipse.justj.openjdk.hotspot.jre.full.win32.x86_64_17.0.9.v20231028-0858/jre/bin;C:\Program Files\Eclipse Foundation\jdk-8.0.302.8-hotspot\bin;D:\oracle\app\oracle\product\11.2.0\server\bin;D:\oracle\dbhomeXE\bin;C:\Program Files (x86)\Embarcadero\Studio\20.0\bin;C:\Users\Public\Documents\Embarcadero\Studio\20.0\Bpl;C:\Program Files (x86)\Embarcadero\Studio\20.0\bin64;C:\Users\Public\Documents\Embarcadero\Studio\20.0\Bpl\Win64;C:\Program Files (x86)\Common Files\Intel\Shared Libraries\redist\intel64\compiler;C:\Program Files (x86)\Rockwell Software\RSCommon;C:\Program Files (x86)\Intel\Intel(R) Management Engine Components\iCLS\;C:\Program Files\Intel\Intel(R) Management Engine Components\iCLS\;C:\WINDOWS\system32;C:\WINDOWS;C:\WINDOWS\System32\Wbem;C:\WINDOWS\System32\WindowsPowerShell\v1.0\;C:\WINDOWS\System32\OpenSSH\;C:\Program Files (x86)\Intel\Intel(R) Management Engine Components\DAL;C:\Program Files\Intel\Intel(R) Management Engine Components\DAL;C:\Program Files (x86)\Intel\Intel(R) Management Engine Components\IPT;C:\Program Files\Intel\Intel(R) Management Engine Components\IPT;F:\Downloads\hadoop-3.3.6-aarch64\hadoop-3.3.6\bin;C:\Program Files\NVIDIA Corporation\NVIDIA NvDLISR;F:\Downloads\OpenSSL-1.1.1h_win32\OpenSSL-1.1.1h_win32;E:\node\;E:\node\node_modules\npm\bin;C:\Users\DJO\AppData\Roaming\npm;C:\Program Files\Microsoft SQL Server\130\Tools\Binn\;F:\Downloads\dotnet-sdk-2.0.0-win-x64;C:\Program Files\dotnet\;C:\Users\DJO\AppData\Local\Programs\Python\Python312;C:\Users\DJO\scoop\shims;C:\Users\DJO\AppData\Local\Microsoft\WindowsApps;C:\Users\DJO\AppData\Local\Programs\Microsoft VS Code\bin;C:\Users\DJO\AppData\Roaming\Composer\vendor\bin;C:\Program Files\Azure Data Studio\bin;C:\Users\DJO\.dotnet\tools;F:\PhpStorm 2022.3.2\bin;;E:\node\node_modules\npm;C:\Users\DJO\AppData\Local\pip;C:\Users
USERNAME=DJO
OS=Windows_NT
PROCESSOR_IDENTIFIER=Intel64 Family 6 Model 158 Stepping 9, GenuineIntel



---------------  S Y S T E M  ---------------

OS:
 Windows 10 , 64 bit Build 17763 (10.0.17763.475)
OS uptime: 0 days 5:57 hours

CPU: total 8 (initial active 8) (4 cores per cpu, 2 threads per core) family 6 model 158 stepping 9 microcode 0x8e, cx8, cmov, fxsr, ht, mmx, 3dnowpref, sse, sse2, sse3, ssse3, sse4.1, sse4.2, popcnt, lzcnt, tsc, tscinvbit, avx, avx2, aes, erms, clmul, bmi1, bmi2, adx, fma, vzeroupper, clflush, clflushopt

Memory: 4k page, system-wide physical 15996M (2850M free)
TotalPageFile size 19640M (AvailPageFile size 255M)
current process WorkingSet (physical memory assigned to process): 10M, peak: 10M
current process commit charge ("private bytes"): 55M, peak: 305M

vm_info: Java HotSpot(TM) 64-Bit Server VM (17.0.1+12-LTS-39) for windows-amd64 JRE (17.0.1+12-LTS-39), built on Sep 27 2021 18:41:35 by "mach5one" with MS VC++ 16.8 (VS2019)

END.
